  Main.cpp
c:\users\кушнаревы\documents\visual studio 2015\projects\arcanoid\GameEngine.h(132): warning C4390: ";": обнаружен пустой контролируемый оператор; это правильно?
c:\users\кушнаревы\documents\visual studio 2015\projects\arcanoid\GameEngine.h(300): warning C4244: аргумент: преобразование "float" в "int", возможна потеря данных
c:\users\кушнаревы\documents\visual studio 2015\projects\arcanoid\GameEngine.h(317): warning C4244: аргумент: преобразование "float" в "int", возможна потеря данных
Main.cpp(24): warning C4244: =: преобразование "int" в "float", возможна потеря данных
Main.cpp(25): warning C4244: =: преобразование "int" в "float", возможна потеря данных
Main.cpp(61): warning C4244: =: преобразование "int" в "float", возможна потеря данных
Main.cpp(62): warning C4244: =: преобразование "int" в "float", возможна потеря данных
Main.cpp(106): warning C4244: аргумент: преобразование "time_t" в "unsigned int", возможна потеря данных
Main.cpp(113): warning C4244: аргумент: преобразование "int" в "float", возможна потеря данных
Main.cpp(114): warning C4305: аргумент: усечение из "double" к "float"
Main.cpp(114): warning C4244: аргумент: преобразование "int" в "float", возможна потеря данных
Main.cpp(118): warning C4244: +=: преобразование "double" в "float", возможна потеря данных
Main.cpp(119): warning C4244: +=: преобразование "double" в "float", возможна потеря данных
Main.cpp(130): warning C4244: =: преобразование "double" в "float", возможна потеря данных
Main.cpp(147): warning C4267: инициализация: преобразование из "size_t" в "int"; возможна потеря данных
Main.cpp(175): warning C4244: аргумент: преобразование "float" в "int", возможна потеря данных
Main.cpp(191): warning C4244: аргумент: преобразование "float" в "int", возможна потеря данных
Main.cpp(193): warning C4244: аргумент: преобразование "float" в "int", возможна потеря данных
  Создание кода
  17 of 341 functions ( 5.0%) were compiled, the rest were copied from previous compilation.
    0 functions were new in current compilation
    0 functions had inline decision re-evaluated but remain unchanged
  Создание кода завершено
  Arcanoid.vcxproj -> C:\Users\Кушнаревы\Documents\Visual Studio 2015\Projects\Arcanoid\x64\Release\Arcanoid.exe
  Arcanoid.vcxproj -> C:\Users\Кушнаревы\Documents\Visual Studio 2015\Projects\Arcanoid\x64\Release\Arcanoid.pdb (Full PDB)
